<?xml version="1.0" encoding="UTF-8"?>
<!-- Generated by org.testng.reporters.JUnitReportReporter -->
<testsuite skipped="0" hostname="DESKTOP-T0U14U2" name="framework.Tests.TestScenarios3" tests="1" failures="0" timestamp="20 Jan 2018 11:19:33 GMT" time="53.339" errors="0">
  <testcase name="verifyFileUploadTest" time="53.339" classname="framework.Tests.TestScenarios3"/>
</testsuite> <!-- framework.Tests.TestScenarios3 -->
