<?xml version="1.0" encoding="UTF-8"?>
<!-- Generated by org.testng.reporters.JUnitReportReporter -->
<testsuite skipped="0" hostname="DESKTOP-T0U14U2" name="framework.Tests.TestScenarios2" tests="1" failures="0" timestamp="20 Jan 2018 11:19:33 GMT" time="25.080" errors="0">
  <testcase name="verifyContactInformationTest" time="25.080" classname="framework.Tests.TestScenarios2"/>
</testsuite> <!-- framework.Tests.TestScenarios2 -->
