<?xml version="1.0" encoding="UTF-8"?>
<!-- Generated by org.testng.reporters.JUnitReportReporter -->
<testsuite hostname="DESKTOP-T0U14U2" name="framework.Tests.TestScenarios1" tests="1" failures="0" timestamp="7 Mar 2018 09:53:12 GMT" time="17.318" errors="0">
  <testcase name="verifyEnglishLanguageTest" time="17.318" classname="framework.Tests.TestScenarios1"/>
</testsuite> <!-- framework.Tests.TestScenarios1 -->
