<?xml version="1.0" encoding="UTF-8"?>
<!-- Generated by org.testng.reporters.JUnitReportReporter -->
<testsuite skipped="0" hostname="DESKTOP-T0U14U2" name="framework.Tests.TestScenarios" tests="1" failures="0" timestamp="19 Jan 2018 18:43:29 GMT" time="18.414" errors="0">
  <testcase name="verifyEnglishLanguageTest" time="18.414" classname="framework.Tests.TestScenarios"/>
</testsuite> <!-- framework.Tests.TestScenarios -->
